{
  "RSpec": {
    "coverage": {
      "/home/salubrious-refactoring-6442/tic-tac-toe-rb-online-web-sp-000/lib/tic_tac_toe.rb": [
        1,
        15,
        15,
        15,
        15,
        15,
        null,
        null,
        1,
        17,
        null,
        null,
        1,
        16,
        null,
        null,
        null,
        null,
        1,
        17,
        null,
        null,
        1,
        14,
        14,
        14,
        14,
        13,
        13,
        13,
        null,
        1,
        null,
        null,
        null,
        null,
        1,
        null,
        8,
        11,
        null,
        null,
        8,
        null,
        null,
        1,
        29,
        29,
        261,
        17,
        null,
        null,
        29,
        null,
        null,
        1,
        28,
        null,
        null,
        1,
        19,
        null,
        null,
        null,
        null,
        1,
        null,
        null,
        1,
        26,
        26,
        567,
        14,
        null,
        null,
        14,
        null,
        null,
        null,
        null,
        1,
        88,
        6,
        null,
        null,
        null,
        1,
        13,
        3,
        null,
        null,
        null,
        1,
        11,
        6,
        null,
        null,
        null,
        1,
        10,
        4,
        4,
        3,
        null,
        1,
        null,
        null,
        null
      ]
    },
    "timestamp": 1600561225
  }
}
