{
  "RSpec": {
    "coverage": {
      "/home/salubrious-refactoring-6442/tic-tac-toe-rb-online-web-sp-000/lib/tic_tac_toe.rb": [
        1,
        15,
        15,
        15,
        15,
        15,
        null,
        null,
        1,
        17,
        null,
        null,
        1,
        16,
        null,
        null,
        null,
        null,
        1,
        17,
        null,
        null,
        1,
        14,
        14,
        14,
        14,
        13,
        13,
        13,
        null,
        1,
        null,
        null,
        null,
        null,
        1,
        null,
        11,
        11,
        null,
        null,
        11,
        null,
        null,
        1,
        29,
        29,
        261,
        17,
        null,
        null,
        29,
        null,
        null,
        1,
        28,
        null,
        null,
        1,
        19,
        null,
        null,
        null,
        null,
        1,
        null,
        null,
        1,
        33,
        33,
        740,
        17,
        null,
        null,
        17,
        null,
        null,
        null,
        null,
        1,
        110,
        8,
        null,
        null,
        null,
        1,
        16,
        5,
        null,
        null,
        null,
        1,
        14,
        9,
        null,
        null,
        null,
        1,
        13,
        5,
        5,
        3,
        null,
        2,
        null,
        null,
        null
      ]
    },
    "timestamp": 1600561416
  }
}
